2024-01-08 13:42:09,684 - INFO - Se inicio la aplicacion
2024-01-08 13:42:12,462 - INFO - Modo Manual seleccionado
2024-01-08 13:42:23,689 - INFO - Se inicio la aplicacion
2024-01-08 13:42:24,659 - INFO - Modo Manual seleccionado
2024-01-08 13:43:01,880 - INFO - Se inicio la aplicacion
2024-01-08 13:43:02,637 - INFO - Modo Manual seleccionado
2024-01-08 13:43:03,192 - INFO - Modo Automatico presionado
2024-01-08 13:43:03,778 - INFO - Modo Manual seleccionado
2024-01-08 13:43:04,188 - INFO - Modo Automatico presionado
2024-01-08 13:44:36,427 - INFO - Se presionó Control + A, cerrando la aplicación
2024-01-08 13:44:39,579 - INFO - Se inicio la aplicacion
2024-01-08 13:44:40,427 - INFO - Modo Manual seleccionado
2024-01-08 13:44:40,861 - INFO - Modo Automatico presionado
2024-01-08 13:44:41,295 - INFO - Modo Manual seleccionado
2024-01-08 13:44:41,931 - INFO - Modo Automatico presionado
2024-01-08 13:44:54,511 - INFO - Se presionó Control + A, cerrando la aplicación
2024-01-08 13:45:06,370 - INFO - Se inicio la aplicacion
2024-01-08 13:45:09,510 - INFO - Botón Stop presionado
2024-01-08 13:45:09,927 - INFO - Botón Start presionado
2024-01-08 13:46:16,009 - INFO - Botón Stop presionado
2024-01-08 13:46:18,028 - INFO - Botón Start presionado
2024-01-08 13:46:19,856 - INFO - Botón Stop presionado
2024-01-08 13:54:31,765 - INFO - Botón Start presionado
2024-01-08 13:54:32,967 - INFO - Botón Stop presionado
2024-01-08 13:55:51,734 - INFO - Se presionó Control + A, cerrando la aplicación
2024-01-08 14:07:43,024 - INFO - Se inicio la aplicacion
2024-01-08 14:07:45,591 - INFO - Modo Manual seleccionado
2024-01-08 14:07:49,956 - INFO - Modo Automatico presionado
2024-01-08 14:07:53,212 - INFO - Se presionó Control + A, cerrando la aplicación
2024-01-08 14:13:27,933 - INFO - Se inicio la aplicacion
2024-01-08 14:13:33,830 - INFO - Botón Stop presionado
2024-01-08 14:13:33,950 - INFO - Botón Stop presionado
2024-01-08 14:13:34,370 - INFO - Botón Start presionado
2024-01-08 14:13:35,120 - INFO - Botón Stop presionado
2024-01-08 14:13:38,233 - INFO - Modo Automatico presionado
2024-01-08 14:17:16,798 - INFO - Se presionó Control + A, cerrando la aplicación
2024-01-08 14:17:22,001 - INFO - Se inicio la aplicacion
2024-01-08 14:17:26,389 - INFO - Botón Start presionado
2024-01-08 14:17:31,488 - INFO - Botón Stop presionado
2024-01-08 14:21:23,165 - INFO - Se presionó Control + A, cerrando la aplicación
2024-01-08 14:21:26,310 - INFO - Se inicio la aplicacion
2024-01-08 14:21:29,268 - INFO - Botón Start presionado
2024-01-08 14:21:31,388 - INFO - Botón Stop presionado
2024-01-08 14:21:32,849 - INFO - Botón Start presionado
2024-01-08 14:40:44,990 - INFO - Se presionó Control + A, cerrando la aplicación
2024-01-08 14:47:08,515 - INFO - Se inicio la aplicacion
2024-01-08 14:47:41,724 - INFO - Se inicio la aplicacion
2024-01-08 14:48:03,676 - INFO - Se inicio la aplicacion
2024-01-08 14:48:57,133 - INFO - Se inicio la aplicacion
2024-01-08 14:49:15,671 - INFO - Modo Automatico presionado
2024-01-08 14:49:16,570 - INFO - Modo Manual seleccionado
2024-01-08 14:49:27,583 - INFO - Modo Automatico presionado
2024-01-08 14:49:30,234 - INFO - Botón Start presionado
2024-01-08 14:49:58,743 - INFO - Se inicio la aplicacion
2024-01-08 14:50:03,637 - INFO - Modo Automatico presionado
2024-01-08 14:50:03,740 - INFO - Modo Automatico presionado
2024-01-08 14:50:11,614 - INFO - Botón Start presionado
2024-01-08 14:50:11,659 - INFO - Botón Start presionado
2024-01-08 14:50:14,717 - INFO - Botón Start presionado
2024-01-08 14:50:14,825 - INFO - Botón Start presionado
2024-01-08 14:50:36,667 - INFO - Botón Stop presionado
2024-01-08 14:50:43,827 - INFO - Botón Start presionado
2024-01-08 14:51:27,504 - INFO - Se presionó Control + A, cerrando la aplicación
2024-01-08 14:54:03,972 - INFO - Se inicio la aplicacion
2024-01-08 14:54:30,313 - INFO - Se presionó Control + A, cerrando la aplicación
2024-01-08 14:54:32,888 - INFO - Se inicio la aplicacion
2024-01-08 14:54:53,649 - INFO - Se presionó Control + A, cerrando la aplicación
2024-01-08 14:54:56,440 - INFO - Se inicio la aplicacion
2024-01-08 14:55:01,481 - INFO - Botón Start presionado
2024-01-08 14:55:35,962 - INFO - Se inicio la aplicacion
2024-01-08 14:55:39,587 - INFO - Botón Start presionado
2024-01-08 14:56:00,053 - INFO - Se inicio la aplicacion
2024-01-08 14:56:01,445 - INFO - Modo Manual seleccionado
2024-01-08 14:56:01,982 - INFO - Modo Automatico presionado
2024-01-08 14:56:08,916 - INFO - Se presionó Control + A, cerrando la aplicación
2024-01-08 14:56:11,873 - INFO - Se inicio la aplicacion
2024-01-08 14:56:17,035 - INFO - Modo Automatico presionado
2024-01-08 14:56:17,381 - INFO - Modo Automatico presionado
2024-01-08 14:56:43,781 - INFO - Se presionó Control + A, cerrando la aplicación
2024-01-08 14:56:47,674 - INFO - Se inicio la aplicacion
2024-01-08 14:56:49,600 - INFO - Modo Automatico presionado
2024-01-08 14:56:51,831 - INFO - Botón Start presionado
2024-01-08 14:56:56,284 - INFO - Botón Stop presionado
2024-01-08 14:57:05,217 - INFO - Botón Start presionado
2024-01-08 14:57:21,880 - INFO - Botón Stop presionado
2024-01-08 14:57:25,468 - INFO - Botón Start presionado
2024-01-08 14:57:25,512 - INFO - Botón Start presionado
2024-01-08 16:59:45,567 - INFO - Se presionó Control + A, cerrando la aplicación
2024-01-08 16:59:49,882 - INFO - Se inicio la aplicacion
2024-01-08 16:59:58,573 - INFO - Modo Automatico presionado
2024-01-08 17:00:02,198 - INFO - Modo Manual seleccionado
2024-01-08 17:00:03,906 - INFO - Botón Start presionado
2024-01-08 17:00:10,581 - INFO - Botón Stop presionado
2024-01-08 17:00:14,261 - INFO - Modo Automatico presionado
2024-01-08 17:00:14,293 - INFO - Modo Automatico presionado
2024-01-08 17:00:14,303 - INFO - Modo Automatico presionado
2024-01-08 17:00:14,507 - INFO - Modo Automatico presionado
2024-01-08 17:00:14,680 - INFO - Modo Automatico presionado
2024-01-08 17:00:14,858 - INFO - Modo Automatico presionado
2024-01-08 17:00:15,373 - INFO - Modo Manual seleccionado
2024-01-08 17:00:15,854 - INFO - Modo Automatico presionado
2024-01-08 17:00:16,315 - INFO - Modo Manual seleccionado
2024-01-08 17:00:16,750 - INFO - Modo Automatico presionado
2024-01-08 17:00:18,992 - INFO - Botón Start presionado
2024-01-08 17:00:19,574 - INFO - Botón Stop presionado
2024-01-08 17:00:24,426 - INFO - Botón Start presionado
2024-01-08 17:00:26,846 - INFO - Botón Stop presionado
2024-01-08 17:00:27,941 - INFO - Botón Start presionado
2024-01-08 17:00:36,479 - INFO - Botón Stop presionado
2024-01-08 17:01:08,102 - INFO - Modo Manual seleccionado
2024-01-08 17:01:09,063 - INFO - Modo Automatico presionado
2024-01-08 17:01:11,400 - INFO - Modo Manual seleccionado
2024-01-08 17:02:34,259 - INFO - Botón Stop presionado
2024-01-08 17:02:34,850 - INFO - Botón Stop presionado
2024-01-08 17:02:35,042 - INFO - Botón Stop presionado
2024-01-08 17:02:35,602 - INFO - Botón Start presionado
2024-01-08 17:02:47,593 - INFO - Botón Stop presionado
2024-01-08 17:19:01,884 - INFO - Modo Automatico presionado
2024-01-08 17:19:02,682 - INFO - Modo Manual seleccionado
2024-01-08 17:19:03,164 - INFO - Modo Automatico presionado
2024-01-08 17:19:04,203 - INFO - Modo Manual seleccionado
2024-01-08 17:19:07,002 - INFO - Botón Start presionado
2024-01-08 17:19:08,907 - INFO - Botón Stop presionado
2024-01-08 17:19:13,900 - INFO - Modo Automatico presionado
2024-01-08 17:19:25,436 - INFO - Botón Start presionado
2024-01-08 17:19:37,630 - INFO - Botón Stop presionado
2024-01-20 01:57:17,454 - INFO - Se inicio la aplicacion
2024-01-20 01:58:40,483 - INFO - Se inicio la aplicacion
2024-01-20 02:02:49,076 - INFO - Se inicio la aplicacion
2024-01-20 10:16:43,813 - INFO - Se inicio la aplicacion
2024-01-20 10:17:31,861 - INFO - Se inicio la aplicacion
2024-01-20 11:01:29,677 - INFO - Se inicio la aplicacion
2024-01-20 11:01:35,904 - INFO - Modo Automatico presionado
2024-01-20 11:01:36,619 - INFO - Modo Manual seleccionado
2024-01-20 11:01:37,243 - INFO - Modo Automatico presionado
2024-01-20 11:01:38,337 - INFO - Modo Manual seleccionado
2024-01-20 11:01:38,784 - INFO - Modo Automatico presionado
2024-01-20 11:01:39,154 - INFO - Modo Manual seleccionado
2024-01-20 11:01:39,641 - INFO - Modo Automatico presionado
2024-01-20 11:01:40,237 - INFO - Modo Manual seleccionado
2024-01-20 11:03:56,950 - INFO - Botón Start presionado
2024-01-20 11:03:57,758 - INFO - Botón Stop presionado
2024-01-20 11:03:58,855 - INFO - Botón Start presionado
2024-01-20 11:04:00,654 - INFO - Botón Stop presionado
2024-01-20 11:04:01,412 - INFO - Modo Manual seleccionado
2024-01-20 11:04:01,847 - INFO - Modo Automatico presionado
2024-01-20 11:05:34,464 - INFO - Se inicio la aplicacion
2024-01-20 11:05:47,586 - INFO - Se inicio la aplicacion
2024-01-20 11:05:52,937 - INFO - Modo Automatico presionado
2024-01-20 11:05:53,684 - INFO - Modo Manual seleccionado
2024-01-20 11:05:54,767 - INFO - Modo Automatico presionado
2024-01-20 11:05:55,601 - INFO - Modo Manual seleccionado
2024-01-20 11:06:07,919 - INFO - Modo Automatico presionado
2024-01-20 11:06:11,415 - INFO - Botón Start presionado
2024-01-20 11:06:17,670 - INFO - Botón Stop presionado
2024-01-20 11:06:33,831 - INFO - Botón Start presionado
2024-01-20 11:06:39,565 - INFO - Botón Stop presionado
2024-01-20 11:06:39,641 - INFO - Botón Stop presionado
2024-01-20 11:06:58,959 - INFO - Se inicio la aplicacion
2024-01-20 11:07:08,584 - INFO - Modo Automatico presionado
2024-01-20 11:07:10,012 - INFO - Modo Manual seleccionado
2024-01-20 11:07:10,698 - INFO - Modo Automatico presionado
2024-01-20 11:07:11,635 - INFO - Modo Manual seleccionado
2024-01-20 11:07:12,294 - INFO - Modo Automatico presionado
2024-01-20 11:10:14,637 - INFO - Se inicio la aplicacion
2024-01-20 11:10:18,264 - INFO - Modo Automatico presionado
2024-01-20 11:10:19,052 - INFO - Modo Manual seleccionado
2024-01-20 11:10:19,575 - INFO - Modo Automatico presionado
2024-01-20 11:10:20,126 - INFO - Modo Manual seleccionado
2024-01-20 11:10:20,663 - INFO - Modo Automatico presionado
2024-01-20 11:10:22,401 - INFO - Modo Manual seleccionado
2024-01-20 11:10:23,991 - INFO - Modo Automatico presionado
2024-01-20 11:10:24,031 - INFO - Botón Stop presionado
2024-01-20 11:10:24,898 - INFO - Modo Manual seleccionado
2024-01-20 11:10:25,420 - INFO - Modo Automatico presionado
2024-01-20 11:10:27,177 - INFO - Modo Manual seleccionado
2024-01-20 11:10:38,562 - INFO - Modo Automatico presionado
2024-01-20 11:11:01,378 - INFO - Botón Stop presionado
2024-01-20 11:11:01,844 - INFO - Botón Start presionado
2024-01-20 11:11:02,407 - INFO - Botón Stop presionado
2024-01-20 11:11:04,917 - INFO - Botón Start presionado
2024-01-20 11:11:05,109 - INFO - Botón Start presionado
2024-01-20 11:11:05,406 - INFO - Botón Stop presionado
2024-01-20 11:11:09,844 - INFO - Botón Start presionado
2024-01-20 11:20:36,384 - INFO - Botón Stop presionado
2024-01-20 11:20:37,105 - INFO - Modo Automatico presionado
2024-01-20 11:20:37,509 - INFO - Modo Manual seleccionado
2024-01-20 11:20:38,287 - INFO - Modo Automatico presionado
2024-01-20 11:20:38,814 - INFO - Modo Manual seleccionado
2024-01-20 11:20:39,421 - INFO - Modo Automatico presionado
2024-01-20 11:20:40,853 - INFO - Modo Manual seleccionado
2024-01-20 11:22:37,027 - INFO - Se inicio la aplicacion
2024-01-20 11:22:43,536 - INFO - Se presionó Control + A, cerrando la aplicación
2024-01-20 11:22:57,157 - INFO - Se inicio la aplicacion
2024-01-20 11:23:00,401 - INFO - Se presionó Control + A, cerrando la aplicación
2024-01-20 11:23:13,186 - INFO - Se inicio la aplicacion
2024-01-20 11:25:44,034 - INFO - Se inicio la aplicacion
2024-01-20 11:26:12,641 - INFO - Se inicio la aplicacion
2024-01-20 11:26:52,286 - INFO - Se inicio la aplicacion
2024-01-20 11:27:35,560 - INFO - Se inicio la aplicacion
2024-01-20 11:31:42,740 - INFO - Se inicio la aplicacion
2024-01-20 11:36:16,524 - INFO - Se inicio la aplicacion
2024-01-20 11:41:40,125 - INFO - Se inicio la aplicacion
2024-01-20 11:41:46,245 - INFO - Se presionó Control + A, cerrando la aplicación
2024-01-20 11:57:41,459 - INFO - Se inicio la aplicacion
2024-01-20 11:57:46,848 - INFO - Se presionó Control + A, cerrando la aplicación
2024-01-20 11:59:18,834 - INFO - Se inicio la aplicacion
2024-01-21 21:33:32,001 - INFO - Se inicio la aplicacion
2024-01-21 21:39:19,668 - INFO - Se inicio la aplicacion
2024-01-21 21:39:46,796 - INFO - Botón Start presionado
2024-01-21 21:40:23,457 - INFO - Se presionó Control + A, cerrando la aplicación
2024-01-21 21:40:27,015 - INFO - Se inicio la aplicacion
2024-01-21 22:04:25,447 - INFO - Se inicio la aplicacion
2024-01-21 22:04:31,454 - INFO - Botón Start presionado
2024-01-21 22:04:55,497 - INFO - Se inicio la aplicacion
2024-01-21 22:07:26,613 - INFO - Botón Start presionado
2024-01-21 22:07:27,742 - INFO - Botón Stop presionado
2024-01-21 22:07:38,290 - INFO - Botón Start presionado
2024-01-21 22:07:40,431 - INFO - Botón Stop presionado
2024-01-21 22:07:41,484 - INFO - Botón Stop presionado
2024-01-21 22:08:36,079 - INFO - Se presionó Control + A, cerrando la aplicación
2024-01-21 22:08:53,014 - INFO - Se inicio la aplicacion
2024-01-21 22:08:57,930 - INFO - Botón Start presionado
2024-01-21 22:09:00,741 - INFO - Botón Stop presionado
2024-01-21 22:09:01,932 - INFO - Botón Start presionado
2024-01-21 22:09:02,951 - INFO - Botón Start presionado
2024-01-21 22:09:03,138 - INFO - Botón Start presionado
2024-01-21 22:09:03,328 - INFO - Botón Start presionado
2024-01-21 22:09:03,524 - INFO - Botón Start presionado
2024-01-21 22:09:03,716 - INFO - Botón Start presionado
2024-01-21 22:09:05,869 - INFO - Botón Stop presionado
2024-01-21 22:10:06,232 - INFO - Se presionó Control + A, cerrando la aplicación
2024-01-21 22:23:54,800 - INFO - Se inicio la aplicacion
2024-01-21 22:23:57,604 - INFO - Botón Start presionado
2024-01-21 22:24:00,509 - INFO - Botón Stop presionado
2024-01-21 22:24:04,843 - INFO - Botón Start presionado
2024-01-21 22:24:09,544 - INFO - Botón Stop presionado
2024-01-21 22:24:14,278 - INFO - Botón Start presionado
2024-01-21 22:24:19,489 - INFO - Botón Stop presionado
2024-01-21 22:24:20,469 - INFO - Botón Start presionado
2024-01-21 22:24:23,295 - INFO - Botón Stop presionado
2024-01-21 22:24:40,002 - INFO - Se inicio la aplicacion
2024-01-21 22:24:42,837 - INFO - Modo Automatico presionado
2024-01-21 22:24:45,419 - INFO - Botón Start presionado
2024-01-21 22:24:48,524 - INFO - Botón Stop presionado
2024-01-21 22:26:28,520 - INFO - Botón Start presionado
2024-01-21 22:26:28,580 - INFO - Botón Start presionado
2024-01-21 22:26:31,320 - INFO - Botón Start presionado
2024-01-21 22:26:36,909 - INFO - Botón Stop presionado
2024-01-21 22:26:39,059 - INFO - Modo Manual seleccionado
2024-01-21 22:26:39,891 - INFO - Botón Start presionado
2024-01-21 22:26:45,338 - INFO - Botón Stop presionado
2024-01-21 22:27:04,359 - INFO - Se presionó Control + A, cerrando la aplicación
2024-01-21 22:29:50,625 - INFO - Se inicio la aplicacion
2024-01-21 22:29:52,731 - INFO - Botón Start presionado
2024-01-21 22:29:57,032 - INFO - Botón Stop presionado
2024-01-21 22:30:01,534 - INFO - Se presionó Control + A, cerrando la aplicación
2024-01-22 00:16:46,317 - INFO - Se inicio la aplicacion
2024-01-22 00:17:40,415 - INFO - Se inicio la aplicacion
2024-01-22 00:17:44,922 - INFO - Se presionó Control + A, cerrando la aplicación
2024-01-22 00:18:27,568 - INFO - Se inicio la aplicacion
2024-01-22 00:18:58,207 - INFO - Se inicio la aplicacion
2024-01-22 00:32:18,902 - INFO - Se inicio la aplicacion
2024-01-22 00:33:32,255 - INFO - Se inicio la aplicacion
2024-01-22 00:33:36,469 - INFO - Botón Start presionado
2024-01-22 00:33:36,871 - INFO - Botón Stop presionado
2024-01-22 00:33:37,349 - INFO - Modo Automatico presionado
2024-01-22 00:33:38,214 - INFO - Modo Manual seleccionado
2024-01-22 00:33:38,871 - INFO - Modo Automatico presionado
2024-01-22 00:33:39,889 - INFO - Botón Start presionado
2024-01-22 00:33:40,583 - INFO - Botón Stop presionado
2024-01-22 00:33:41,050 - INFO - Modo Automatico presionado
2024-01-22 00:33:41,359 - INFO - Botón Stop presionado
2024-01-22 00:33:41,917 - INFO - Botón Start presionado
2024-01-22 00:33:42,583 - INFO - Botón Stop presionado
2024-01-22 00:33:42,799 - INFO - Modo Manual seleccionado
2024-01-22 00:33:43,788 - INFO - Modo Automatico presionado
2024-01-22 00:33:44,546 - INFO - Modo Manual seleccionado
2024-01-22 00:34:00,717 - INFO - Se presionó Control + A, cerrando la aplicación
2024-01-22 00:34:12,215 - INFO - Se inicio la aplicacion
2024-01-22 00:34:14,648 - INFO - Modo Automatico presionado
2024-01-22 00:34:15,624 - INFO - Modo Manual seleccionado
2024-01-22 00:34:16,486 - INFO - Modo Automatico presionado
2024-01-22 00:34:17,407 - INFO - Modo Automatico presionado
2024-01-22 00:34:17,961 - INFO - Modo Manual seleccionado
2024-01-22 00:34:20,776 - INFO - Se presionó Control + A, cerrando la aplicación
2024-01-22 00:34:45,313 - INFO - Se inicio la aplicacion
2024-01-22 00:34:49,341 - INFO - Modo Manual seleccionado
2024-01-22 00:34:49,689 - INFO - Modo Automatico presionado
2024-01-22 00:34:51,289 - INFO - Modo Manual seleccionado
2024-01-22 00:35:48,244 - INFO - Modo Automatico presionado
2024-01-22 00:35:51,041 - INFO - Botón Start presionado
2024-01-22 00:35:51,889 - INFO - Botón Stop presionado
2024-01-22 00:35:52,803 - INFO - Botón Start presionado
2024-01-22 00:36:02,146 - INFO - Botón Start presionado
2024-01-22 00:36:02,626 - INFO - Botón Start presionado
2024-01-22 00:36:04,979 - INFO - Botón Stop presionado
2024-01-22 00:36:09,491 - INFO - Botón Start presionado
2024-01-22 00:36:14,517 - INFO - Botón Stop presionado
2024-01-22 00:36:25,656 - INFO - Se presionó Control + A, cerrando la aplicación
